# JRE version: OpenJDK Runtime Environment (17.0.6) (build 17.0.6+0-b2043.56-9586694)
# Java VM: OpenJDK 64-Bit Server VM (17.0.6+0-b2043.56-9586694, mixed mode, tiered, compressed oops, compressed class ptrs, g1 gc, windows-amd64)
GC Precious Log:
 CPUs: 8 total, 8 available
 Memory: 7959M
 Large Page Support: Disabled
 NUMA Support: Disabled
 Compressed Oops: Enabled (32-bit)
 Heap Region Size: 1M
 Heap Min Capacity: 8M
 Heap Initial Capacity: 126M
 Heap Max Capacity: 2G
 Pre-touch: Disabled
 Parallel Workers: 8
 Concurrent Workers: 2
 Concurrent Refinement Workers: 8
 Periodic GC: Disabled
Heap:
 garbage-first heap   total 435200K, used 235708K [0x0000000080000000, 0x0000000100000000)
  region size 1024K, 3 young (3072K), 3 survivors (3072K)
 Metaspace       used 122230K, committed 123520K, reserved 1163264K
  class space    used 16241K, committed 16896K, reserved 1048576K
GC Heap History (20 events):
Event: 22.031 GC heap after
{Heap after GC invocations=41 (full 0):
 garbage-first heap   total 435200K, used 211814K [0x0000000080000000, 0x0000000100000000)
  region size 1024K, 5 young (5120K), 5 survivors (5120K)
 Metaspace       used 115084K, committed 115968K, reserved 1155072K
  class space    used 15469K, committed 15872K, reserved 1048576K
}
Event: 1644.224 GC heap before
{Heap before GC invocations=42 (full 0):
 garbage-first heap   total 435200K, used 357222K [0x0000000080000000, 0x0000000100000000)
  region size 1024K, 148 young (151552K), 5 survivors (5120K)
 Metaspace       used 117212K, committed 118208K, reserved 1155072K
  class space    used 15664K, committed 16128K, reserved 1048576K
}
Event: 1644.332 GC heap after
{Heap after GC invocations=43 (full 0):
 garbage-first heap   total 435200K, used 222775K [0x0000000080000000, 0x0000000100000000)
  region size 1024K, 16 young (16384K), 16 survivors (16384K)
 Metaspace       used 117212K, committed 118208K, reserved 1155072K
  class space    used 15664K, committed 16128K, reserved 1048576K
}
Event: 1644.680 GC heap before
{Heap before GC invocations=43 (full 0):
 garbage-first heap   total 435200K, used 227895K [0x0000000080000000, 0x0000000100000000)
  region size 1024K, 21 young (21504K), 16 survivors (16384K)
 Metaspace       used 117227K, committed 118272K, reserved 1155072K
  class space    used 15665K, committed 16128K, reserved 1048576K
}
Event: 1644.775 GC heap after
{Heap after GC invocations=44 (full 0):
 garbage-first heap   total 435200K, used 223672K [0x0000000080000000, 0x0000000100000000)
  region size 1024K, 3 young (3072K), 3 survivors (3072K)
 Metaspace       used 117227K, committed 118272K, reserved 1155072K
  class space    used 15665K, committed 16128K, reserved 1048576K
}
Event: 1703.812 GC heap before
{Heap before GC invocations=44 (full 0):
 garbage-first heap   total 435200K, used 356792K [0x0000000080000000, 0x0000000100000000)
  region size 1024K, 134 young (137216K), 3 survivors (3072K)
 Metaspace       used 118472K, committed 119616K, reserved 1155072K
  class space    used 15801K, committed 16320K, reserved 1048576K
}
Event: 1703.830 GC heap after
{Heap after GC invocations=45 (full 0):
 garbage-first heap   total 435200K, used 235457K [0x0000000080000000, 0x0000000100000000)
  region size 1024K, 14 young (14336K), 14 survivors (14336K)
 Metaspace       used 118472K, committed 119616K, reserved 1155072K
  class space    used 15801K, committed 16320K, reserved 1048576K
}
Event: 1773.687 GC heap before
{Heap before GC invocations=45 (full 0):
 garbage-first heap   total 435200K, used 357313K [0x0000000080000000, 0x0000000100000000)
  region size 1024K, 134 young (137216K), 14 survivors (14336K)
 Metaspace       used 119989K, committed 121216K, reserved 1155072K
  class space    used 16002K, committed 16576K, reserved 1048576K
}
Event: 1773.949 GC heap after
{Heap after GC invocations=46 (full 0):
 garbage-first heap   total 435200K, used 242177K [0x0000000080000000, 0x0000000100000000)
  region size 1024K, 8 young (8192K), 8 survivors (8192K)
 Metaspace       used 119989K, committed 121216K, reserved 1155072K
  class space    used 16002K, committed 16576K, reserved 1048576K
}
Event: 1777.756 GC heap before
{Heap before GC invocations=47 (full 0):
 garbage-first heap   total 435200K, used 358913K [0x0000000080000000, 0x0000000100000000)
  region size 1024K, 123 young (125952K), 8 survivors (8192K)
 Metaspace       used 120729K, committed 122112K, reserved 1155072K
  class space    used 16096K, committed 16768K, reserved 1048576K
}
Event: 1777.823 GC heap after
{Heap after GC invocations=48 (full 0):
 garbage-first heap   total 435200K, used 254214K [0x0000000080000000, 0x0000000100000000)
  region size 1024K, 16 young (16384K), 16 survivors (16384K)
 Metaspace       used 120729K, committed 122112K, reserved 1155072K
  class space    used 16096K, committed 16768K, reserved 1048576K
}
Event: 1777.835 GC heap before
{Heap before GC invocations=48 (full 0):
 garbage-first heap   total 435200K, used 259334K [0x0000000080000000, 0x0000000100000000)
  region size 1024K, 21 young (21504K), 16 survivors (16384K)
 Metaspace       used 120733K, committed 122112K, reserved 1155072K
  class space    used 16096K, committed 16768K, reserved 1048576K
}
Event: 1777.901 GC heap after
{Heap after GC invocations=49 (full 0):
 garbage-first heap   total 435200K, used 253484K [0x0000000080000000, 0x0000000100000000)
  region size 1024K, 3 young (3072K), 3 survivors (3072K)
 Metaspace       used 120733K, committed 122112K, reserved 1155072K
  class space    used 16096K, committed 16768K, reserved 1048576K
}
Event: 2092.175 GC heap before
{Heap before GC invocations=49 (full 0):
 garbage-first heap   total 435200K, used 359980K [0x0000000080000000, 0x0000000100000000)
  region size 1024K, 108 young (110592K), 3 survivors (3072K)
 Metaspace       used 121550K, committed 122944K, reserved 1155072K
  class space    used 16207K, committed 16832K, reserved 1048576K
}
Event: 2092.774 GC heap after
{Heap after GC invocations=50 (full 0):
 garbage-first heap   total 435200K, used 258428K [0x0000000080000000, 0x0000000100000000)
  region size 1024K, 8 young (8192K), 8 survivors (8192K)
 Metaspace       used 121550K, committed 122944K, reserved 1155072K
  class space    used 16207K, committed 16832K, reserved 1048576K
}
Event: 2096.316 GC heap before
{Heap before GC invocations=51 (full 0):
 garbage-first heap   total 435200K, used 262524K [0x0000000080000000, 0x0000000100000000)
  region size 1024K, 21 young (21504K), 8 survivors (8192K)
 Metaspace       used 121615K, committed 123264K, reserved 1163264K
  class space    used 16168K, committed 16896K, reserved 1048576K
}
Event: 2096.359 GC heap after
{Heap after GC invocations=52 (full 0):
 garbage-first heap   total 435200K, used 250997K [0x0000000080000000, 0x0000000100000000)
  region size 1024K, 3 young (3072K), 3 survivors (3072K)
 Metaspace       used 121615K, committed 123264K, reserved 1163264K
  class space    used 16168K, committed 16896K, reserved 1048576K
}
Event: 2096.991 GC heap before
{Heap before GC invocations=52 (full 0):
 garbage-first heap   total 435200K, used 268405K [0x0000000080000000, 0x0000000100000000)
  region size 1024K, 21 young (21504K), 3 survivors (3072K)
 Metaspace       used 122200K, committed 123520K, reserved 1163264K
  class space    used 16240K, committed 16896K, reserved 1048576K
}
Event: 2097.124 GC heap after
{Heap after GC invocations=53 (full 0):
 garbage-first heap   total 435200K, used 236748K [0x0000000080000000, 0x0000000100000000)
  region size 1024K, 2 young (2048K), 2 survivors (2048K)
 Metaspace       used 122200K, committed 123520K, reserved 1163264K
  class space    used 16240K, committed 16896K, reserved 1048576K
}
Event: 2097.455 GC heap before
{Heap before GC invocations=53 (full 0):
 garbage-first heap   total 435200K, used 256204K [0x0000000080000000, 0x0000000100000000)
  region size 1024K, 21 young (21504K), 2 survivors (2048K)
 Metaspace       used 122230K, committed 123520K, reserved 1163264K
  class space    used 16241K, committed 16896K, reserved 1048576K
}

